{"uuid":"32d8f6b0-05b7-4b5a-9350-2d2c01ffcc82","historyId":"1eaad1451712f5d13827335511d3bc69","testCaseId":"f14fb204ad1d6907fd566da1281f4f86","fullName":"src/test/resources/features/SpartanHomePage.feature:8","labels":[{"name":"tag","value":"spartan"},{"name":"host","value":"Blackrunner"},{"name":"thread","value":"28744@Blackrunner.main(1)"},{"name":"feature","value":"User should be able to add a Spartan"},{"name":"story","value":"User should be able to arrive at Add Spartan page"},{"name":"suite","value":"User should be able to add a Spartan"},{"name":"testClass","value":"User should be able to arrive at Add Spartan page"},{"name":"framework","value":"cucumber4jvm"},{"name":"language","value":"java"},{"name":"gherkin_uri","value":"file:///C:/Users/am208/IdeaProjects/spartan-app-ui-automation/src/test/resources/features/SpartanHomePage.feature"},{"name":"package","value":"src.test.resources.features.SpartanHomePage_feature.User should be able to add a Spartan"}],"links":[],"name":"User should be able to arrive at Add Spartan page","status":"broken","statusDetails":{"known":false,"muted":false,"flaky":false,"message":"Expected condition failed: waiting for title to be \"Spartan Home\". Current title: \"\" (tried for 10 second(s) with 500 milliseconds interval)\nBuild info: version: '4.28.1', revision: '73f5ad48a2'\nSystem info: os.name: 'Windows 11', os.arch: 'amd64', os.version: '10.0', java.version: '21.0.6'\nDriver info: org.openqa.selenium.chrome.ChromeDriver\nCapabilities {acceptInsecureCerts: false, browserName: chrome, browserVersion: 135.0.7049.85, chrome: {chromedriverVersion: 135.0.7049.84 (6c019e560019..., userDataDir: C:\\Users\\am208\\AppData\\Loca...}, fedcm:accounts: true, goog:chromeOptions: {debuggerAddress: localhost:51185}, networkConnectionEnabled: false, pageLoadStrategy: normal, platformName: windows, proxy: Proxy(), se:cdp: ws://localhost:51185/devtoo..., se:cdpVersion: 135.0.7049.85, setWindowRect: true, strictFileInteractability: false, timeouts: {implicit: 0, pageLoad: 300000, script: 30000}, unhandledPromptBehavior: dismiss and notify, webauthn:extension:credBlob: true, webauthn:extension:largeBlob: true, webauthn:extension:minPinLength: true, webauthn:extension:prf: true, webauthn:virtualAuthenticators: true}\nSession ID: 24bdceeae4542862c4048dd2c9ec9e98","trace":"org.openqa.selenium.TimeoutException: Expected condition failed: waiting for title to be \"Spartan Home\". Current title: \"\" (tried for 10 second(s) with 500 milliseconds interval)\nBuild info: version: '4.28.1', revision: '73f5ad48a2'\nSystem info: os.name: 'Windows 11', os.arch: 'amd64', os.version: '10.0', java.version: '21.0.6'\nDriver info: org.openqa.selenium.chrome.ChromeDriver\nCapabilities {acceptInsecureCerts: false, browserName: chrome, browserVersion: 135.0.7049.85, chrome: {chromedriverVersion: 135.0.7049.84 (6c019e560019..., userDataDir: C:\\Users\\am208\\AppData\\Loca...}, fedcm:accounts: true, goog:chromeOptions: {debuggerAddress: localhost:51185}, networkConnectionEnabled: false, pageLoadStrategy: normal, platformName: windows, proxy: Proxy(), se:cdp: ws://localhost:51185/devtoo..., se:cdpVersion: 135.0.7049.85, setWindowRect: true, strictFileInteractability: false, timeouts: {implicit: 0, pageLoad: 300000, script: 30000}, unhandledPromptBehavior: dismiss and notify, webauthn:extension:credBlob: true, webauthn:extension:largeBlob: true, webauthn:extension:minPinLength: true, webauthn:extension:prf: true, webauthn:virtualAuthenticators: true}\nSession ID: 24bdceeae4542862c4048dd2c9ec9e98\r\n\tat org.openqa.selenium.support.ui.WebDriverWait.timeoutException(WebDriverWait.java:84)\r\n\tat org.openqa.selenium.support.ui.FluentWait.until(FluentWait.java:228)\r\n\tat com.devopinc.step_definitions.LandOnAddSpartanStepDef.user_is_on_spartan_home_page(LandOnAddSpartanStepDef.java:23)\r\n\tat ✽.User is on Spartan home page(file:///C:/Users/am208/IdeaProjects/spartan-app-ui-automation/src/test/resources/features/SpartanHomePage.feature:5)\r\n"},"stage":"finished","steps":[{"name":"Given User is on Spartan home page","status":"broken","statusDetails":{"known":false,"muted":false,"flaky":false,"message":"Expected condition failed: waiting for title to be \"Spartan Home\". Current title: \"\" (tried for 10 second(s) with 500 milliseconds interval)\nBuild info: version: '4.28.1', revision: '73f5ad48a2'\nSystem info: os.name: 'Windows 11', os.arch: 'amd64', os.version: '10.0', java.version: '21.0.6'\nDriver info: org.openqa.selenium.chrome.ChromeDriver\nCapabilities {acceptInsecureCerts: false, browserName: chrome, browserVersion: 135.0.7049.85, chrome: {chromedriverVersion: 135.0.7049.84 (6c019e560019..., userDataDir: C:\\Users\\am208\\AppData\\Loca...}, fedcm:accounts: true, goog:chromeOptions: {debuggerAddress: localhost:51185}, networkConnectionEnabled: false, pageLoadStrategy: normal, platformName: windows, proxy: Proxy(), se:cdp: ws://localhost:51185/devtoo..., se:cdpVersion: 135.0.7049.85, setWindowRect: true, strictFileInteractability: false, timeouts: {implicit: 0, pageLoad: 300000, script: 30000}, unhandledPromptBehavior: dismiss and notify, webauthn:extension:credBlob: true, webauthn:extension:largeBlob: true, webauthn:extension:minPinLength: true, webauthn:extension:prf: true, webauthn:virtualAuthenticators: true}\nSession ID: 24bdceeae4542862c4048dd2c9ec9e98","trace":"org.openqa.selenium.TimeoutException: Expected condition failed: waiting for title to be \"Spartan Home\". Current title: \"\" (tried for 10 second(s) with 500 milliseconds interval)\nBuild info: version: '4.28.1', revision: '73f5ad48a2'\nSystem info: os.name: 'Windows 11', os.arch: 'amd64', os.version: '10.0', java.version: '21.0.6'\nDriver info: org.openqa.selenium.chrome.ChromeDriver\nCapabilities {acceptInsecureCerts: false, browserName: chrome, browserVersion: 135.0.7049.85, chrome: {chromedriverVersion: 135.0.7049.84 (6c019e560019..., userDataDir: C:\\Users\\am208\\AppData\\Loca...}, fedcm:accounts: true, goog:chromeOptions: {debuggerAddress: localhost:51185}, networkConnectionEnabled: false, pageLoadStrategy: normal, platformName: windows, proxy: Proxy(), se:cdp: ws://localhost:51185/devtoo..., se:cdpVersion: 135.0.7049.85, setWindowRect: true, strictFileInteractability: false, timeouts: {implicit: 0, pageLoad: 300000, script: 30000}, unhandledPromptBehavior: dismiss and notify, webauthn:extension:credBlob: true, webauthn:extension:largeBlob: true, webauthn:extension:minPinLength: true, webauthn:extension:prf: true, webauthn:virtualAuthenticators: true}\nSession ID: 24bdceeae4542862c4048dd2c9ec9e98\r\n\tat org.openqa.selenium.support.ui.WebDriverWait.timeoutException(WebDriverWait.java:84)\r\n\tat org.openqa.selenium.support.ui.FluentWait.until(FluentWait.java:228)\r\n\tat com.devopinc.step_definitions.LandOnAddSpartanStepDef.user_is_on_spartan_home_page(LandOnAddSpartanStepDef.java:23)\r\n\tat ✽.User is on Spartan home page(file:///C:/Users/am208/IdeaProjects/spartan-app-ui-automation/src/test/resources/features/SpartanHomePage.feature:5)\r\n"},"stage":"finished","steps":[],"attachments":[],"parameters":[],"start":1744326815401,"stop":1744326828015},{"name":"When User clicks on Add Spartan linkText","status":"skipped","statusDetails":{"known":false,"muted":false,"flaky":false},"stage":"finished","steps":[],"attachments":[],"parameters":[],"start":1744326828021,"stop":1744326828024},{"name":"Then Verify the user is on Add Spartan page","status":"skipped","statusDetails":{"known":false,"muted":false,"flaky":false},"stage":"finished","steps":[],"attachments":[],"parameters":[],"start":1744326828025,"stop":1744326828027}],"attachments":[],"parameters":[],"start":1744326815398,"stop":1744326830607}